This file contains any messages produced by compilers while
running configure, to aid debugging if configure makes a mistake.

It was created by libenet configure 1.3.3, which was
generated by GNU Autoconf 2.68.  Invocation command line was

  $ ./configure --enable-shared=no --enable-static=yes

## --------- ##
## Platform. ##
## --------- ##

hostname = kkostya-comp
uname -m = x86_64
uname -r = 3.2.0-37-generic
uname -s = Linux
uname -v = #58-Ubuntu SMP Thu Jan 24 15:28:10 UTC 2013

/usr/bin/uname -p = unknown
/bin/uname -X     = unknown

/bin/arch              = unknown
/usr/bin/arch -k       = unknown
/usr/convex/getsysinfo = unknown
/usr/bin/hostinfo      = unknown
/bin/machine           = unknown
/usr/bin/oslevel       = unknown
/bin/universe          = unknown

PATH: /home/kkostya/Programming/ML/bin
PATH: /opt/qt5/bin
PATH: /home/kkostya/Programming/ML/bin
PATH: /opt/qt5/bin
PATH: /usr/local/sbin
PATH: /usr/local/bin
PATH: /usr/sbin
PATH: /usr/bin
PATH: /sbin
PATH: /bin
PATH: /usr/games


## ----------- ##
## Core tests. ##
## ----------- ##

configure:2246: checking for a BSD-compatible install
configure:2314: result: /usr/bin/install -c
configure:2325: checking whether build environment is sane
configure:2375: result: yes
configure:2516: checking for a thread-safe mkdir -p
configure:2555: result: /bin/mkdir -p
configure:2568: checking for gawk
configure:2584: found /usr/bin/gawk
configure:2595: result: gawk
configure:2606: checking whether make sets $(MAKE)
configure:2628: result: yes
configure:2709: checking whether to disable maintainer-specific portions of Makefiles
configure:2718: result: yes
configure:2782: checking for gcc
configure:2798: found /usr/bin/gcc
configure:2809: result: gcc
configure:3038: checking for C compiler version
configure:3047: gcc --version >&5
gcc (Ubuntu/Linaro 4.6.3-1ubuntu5) 4.6.3
Copyright (C) 2011 Free Software Foundation, Inc.
This is free software; see the source for copying conditions.  There is NO
warranty; not even for MERCHANTABILITY or FITNESS FOR A PARTICULAR PURPOSE.

configure:3058: $? = 0
configure:3047: gcc -v >&5
Using built-in specs.
COLLECT_GCC=gcc
COLLECT_LTO_WRAPPER=/usr/lib/gcc/x86_64-linux-gnu/4.6/lto-wrapper
Target: x86_64-linux-gnu
Configured with: ../src/configure -v --with-pkgversion='Ubuntu/Linaro 4.6.3-1ubuntu5' --with-bugurl=file:///usr/share/doc/gcc-4.6/README.Bugs --enable-languages=c,c++,fortran,objc,obj-c++ --prefix=/usr --program-suffix=-4.6 --enable-shared --enable-linker-build-id --with-system-zlib --libexecdir=/usr/lib --without-included-gettext --enable-threads=posix --with-gxx-include-dir=/usr/include/c++/4.6 --libdir=/usr/lib --enable-nls --with-sysroot=/ --enable-clocale=gnu --enable-libstdcxx-debug --enable-libstdcxx-time=yes --enable-gnu-unique-object --enable-plugin --enable-objc-gc --disable-werror --with-arch-32=i686 --with-tune=generic --enable-checking=release --build=x86_64-linux-gnu --host=x86_64-linux-gnu --target=x86_64-linux-gnu
Thread model: posix
gcc version 4.6.3 (Ubuntu/Linaro 4.6.3-1ubuntu5) 
configure:3058: $? = 0
configure:3047: gcc -V >&5
gcc: error: unrecognized option '-V'
gcc: fatal error: no input files
compilation terminated.
configure:3058: $? = 4
configure:3047: gcc -qversion >&5
gcc: error: unrecognized option '-qversion'
gcc: fatal error: no input files
compilation terminated.
configure:3058: $? = 4
configure:3078: checking whether the C compiler works
configure:3100: gcc    conftest.c  >&5
configure:3104: $? = 0
configure:3152: result: yes
configure:3155: checking for C compiler default output file name
configure:3157: result: a.out
configure:3163: checking for suffix of executables
configure:3170: gcc -o conftest    conftest.c  >&5
configure:3174: $? = 0
configure:3196: result: 
configure:3218: checking whether we are cross compiling
configure:3226: gcc -o conftest    conftest.c  >&5
configure:3230: $? = 0
configure:3237: ./conftest
configure:3241: $? = 0
configure:3256: result: no
configure:3261: checking for suffix of object files
configure:3283: gcc -c   conftest.c >&5
configure:3287: $? = 0
configure:3308: result: o
configure:3312: checking whether we are using the GNU C compiler
configure:3331: gcc -c   conftest.c >&5
configure:3331: $? = 0
configure:3340: result: yes
configure:3349: checking whether gcc accepts -g
configure:3369: gcc -c -g  conftest.c >&5
configure:3369: $? = 0
configure:3410: result: yes
configure:3427: checking for gcc option to accept ISO C89
configure:3491: gcc  -c -g -O2  conftest.c >&5
configure:3491: $? = 0
configure:3504: result: none needed
configure:3535: checking for style of include used by make
configure:3563: result: GNU
configure:3588: checking dependency style of gcc
configure:3698: result: gcc3
configure:3742: checking build system type
configure:3756: result: x86_64-unknown-linux-gnu
configure:3776: checking host system type
configure:3789: result: x86_64-unknown-linux-gnu
configure:3830: checking how to print strings
configure:3857: result: printf
configure:3878: checking for a sed that does not truncate output
configure:3942: result: /bin/sed
configure:3960: checking for grep that handles long lines and -e
configure:4018: result: /bin/grep
configure:4023: checking for egrep
configure:4085: result: /bin/grep -E
configure:4090: checking for fgrep
configure:4152: result: /bin/grep -F
configure:4187: checking for ld used by gcc
configure:4254: result: /usr/bin/ld
configure:4261: checking if the linker (/usr/bin/ld) is GNU ld
configure:4276: result: yes
configure:4288: checking for BSD- or MS-compatible name lister (nm)
configure:4337: result: /usr/bin/nm -B
configure:4467: checking the name lister (/usr/bin/nm -B) interface
configure:4474: gcc -c -g -O2  conftest.c >&5
configure:4477: /usr/bin/nm -B "conftest.o"
configure:4480: output
0000000000000000 B some_variable
configure:4487: result: BSD nm
configure:4490: checking whether ln -s works
configure:4494: result: yes
configure:4502: checking the maximum length of command line arguments
configure:4632: result: 3458764513820540925
configure:4649: checking whether the shell understands some XSI constructs
configure:4659: result: yes
configure:4663: checking whether the shell understands "+="
configure:4669: result: yes
configure:4704: checking how to convert x86_64-unknown-linux-gnu file names to x86_64-unknown-linux-gnu format
configure:4744: result: func_convert_file_noop
configure:4751: checking how to convert x86_64-unknown-linux-gnu file names to toolchain format
configure:4771: result: func_convert_file_noop
configure:4778: checking for /usr/bin/ld option to reload object files
configure:4785: result: -r
configure:4859: checking for objdump
configure:4875: found /usr/bin/objdump
configure:4886: result: objdump
configure:4918: checking how to recognize dependent libraries
configure:5120: result: pass_all
configure:5205: checking for dlltool
configure:5235: result: no
configure:5265: checking how to associate runtime and link libraries
configure:5292: result: printf %s\n
configure:5353: checking for ar
configure:5369: found /usr/bin/ar
configure:5380: result: ar
configure:5417: checking for archiver @FILE support
configure:5434: gcc -c -g -O2  conftest.c >&5
configure:5434: $? = 0
configure:5437: ar cru libconftest.a @conftest.lst >&5
configure:5440: $? = 0
configure:5445: ar cru libconftest.a @conftest.lst >&5
ar: conftest.o: No such file or directory
configure:5448: $? = 1
configure:5460: result: @
configure:5518: checking for strip
configure:5534: found /usr/bin/strip
configure:5545: result: strip
configure:5617: checking for ranlib
configure:5633: found /usr/bin/ranlib
configure:5644: result: ranlib
configure:5746: checking command to parse /usr/bin/nm -B output from gcc object
configure:5866: gcc -c -g -O2  conftest.c >&5
configure:5869: $? = 0
configure:5873: /usr/bin/nm -B conftest.o \| sed -n -e 's/^.*[ ]\([ABCDGIRSTW][ABCDGIRSTW]*\)[ ][ ]*\([_A-Za-z][_A-Za-z0-9]*\)$/\1 \2 \2/p' | sed '/ __gnu_lto/d' \> conftest.nm
configure:5876: $? = 0
configure:5942: gcc -o conftest -g -O2   conftest.c conftstm.o >&5
configure:5945: $? = 0
configure:5983: result: ok
configure:6020: checking for sysroot
configure:6050: result: no
configure:6127: gcc -c -g -O2  conftest.c >&5
configure:6130: $? = 0
configure:6306: checking for mt
configure:6322: found /bin/mt
configure:6333: result: mt
configure:6356: checking if mt is a manifest tool
configure:6362: mt '-?'
configure:6370: result: no
configure:7012: checking how to run the C preprocessor
configure:7043: gcc -E  conftest.c
configure:7043: $? = 0
configure:7057: gcc -E  conftest.c
conftest.c:11:28: fatal error: ac_nonexistent.h: No such file or directory
compilation terminated.
configure:7057: $? = 1
configure: failed program was:
| /* confdefs.h */
| #define PACKAGE_NAME "libenet"
| #define PACKAGE_TARNAME "libenet"
| #define PACKAGE_VERSION "1.3.3"
| #define PACKAGE_STRING "libenet 1.3.3"
| #define PACKAGE_BUGREPORT ""
| #define PACKAGE_URL ""
| #define PACKAGE "libenet"
| #define VERSION "1.3.3"
| /* end confdefs.h.  */
| #include <ac_nonexistent.h>
configure:7082: result: gcc -E
configure:7102: gcc -E  conftest.c
configure:7102: $? = 0
configure:7116: gcc -E  conftest.c
conftest.c:11:28: fatal error: ac_nonexistent.h: No such file or directory
compilation terminated.
configure:7116: $? = 1
configure: failed program was:
| /* confdefs.h */
| #define PACKAGE_NAME "libenet"
| #define PACKAGE_TARNAME "libenet"
| #define PACKAGE_VERSION "1.3.3"
| #define PACKAGE_STRING "libenet 1.3.3"
| #define PACKAGE_BUGREPORT ""
| #define PACKAGE_URL ""
| #define PACKAGE "libenet"
| #define VERSION "1.3.3"
| /* end confdefs.h.  */
| #include <ac_nonexistent.h>
configure:7145: checking for ANSI C header files
configure:7165: gcc -c -g -O2  conftest.c >&5
configure:7165: $? = 0
configure:7238: gcc -o conftest -g -O2   conftest.c  >&5
configure:7238: $? = 0
configure:7238: ./conftest
configure:7238: $? = 0
configure:7249: result: yes
configure:7262: checking for sys/types.h
configure:7262: gcc -c -g -O2  conftest.c >&5
configure:7262: $? = 0
configure:7262: result: yes
configure:7262: checking for sys/stat.h
configure:7262: gcc -c -g -O2  conftest.c >&5
configure:7262: $? = 0
configure:7262: result: yes
configure:7262: checking for stdlib.h
configure:7262: gcc -c -g -O2  conftest.c >&5
configure:7262: $? = 0
configure:7262: result: yes
configure:7262: checking for string.h
configure:7262: gcc -c -g -O2  conftest.c >&5
configure:7262: $? = 0
configure:7262: result: yes
configure:7262: checking for memory.h
configure:7262: gcc -c -g -O2  conftest.c >&5
configure:7262: $? = 0
configure:7262: result: yes
configure:7262: checking for strings.h
configure:7262: gcc -c -g -O2  conftest.c >&5
configure:7262: $? = 0
configure:7262: result: yes
configure:7262: checking for inttypes.h
configure:7262: gcc -c -g -O2  conftest.c >&5
configure:7262: $? = 0
configure:7262: result: yes
configure:7262: checking for stdint.h
configure:7262: gcc -c -g -O2  conftest.c >&5
configure:7262: $? = 0
configure:7262: result: yes
configure:7262: checking for unistd.h
configure:7262: gcc -c -g -O2  conftest.c >&5
configure:7262: $? = 0
configure:7262: result: yes
configure:7276: checking for dlfcn.h
configure:7276: gcc -c -g -O2  conftest.c >&5
configure:7276: $? = 0
configure:7276: result: yes
configure:7482: checking for objdir
configure:7497: result: .libs
configure:7768: checking if gcc supports -fno-rtti -fno-exceptions
configure:7786: gcc -c -g -O2  -fno-rtti -fno-exceptions conftest.c >&5
cc1: warning: command line option '-fno-rtti' is valid for C++/ObjC++ but not for C [enabled by default]
configure:7790: $? = 0
configure:7803: result: no
configure:8130: checking for gcc option to produce PIC
configure:8137: result: -fPIC -DPIC
configure:8145: checking if gcc PIC flag -fPIC -DPIC works
configure:8163: gcc -c -g -O2  -fPIC -DPIC -DPIC conftest.c >&5
configure:8167: $? = 0
configure:8180: result: yes
configure:8209: checking if gcc static flag -static works
configure:8237: result: yes
configure:8252: checking if gcc supports -c -o file.o
configure:8273: gcc -c -g -O2  -o out/conftest2.o conftest.c >&5
configure:8277: $? = 0
configure:8299: result: yes
configure:8307: checking if gcc supports -c -o file.o
configure:8354: result: yes
configure:8387: checking whether the gcc linker (/usr/bin/ld -m elf_x86_64) supports shared libraries
configure:9544: result: yes
configure:9784: checking dynamic linker characteristics
configure:10295: gcc -o conftest -g -O2   -Wl,-rpath -Wl,/foo conftest.c  >&5
configure:10295: $? = 0
configure:10529: result: GNU/Linux ld.so
configure:10636: checking how to hardcode library paths into programs
configure:10661: result: immediate
configure:11201: checking whether stripping libraries is possible
configure:11206: result: yes
configure:11241: checking if libtool supports shared libraries
configure:11243: result: yes
configure:11246: checking whether to build shared libraries
configure:11267: result: no
configure:11270: checking whether to build static libraries
configure:11274: result: yes
configure:11312: checking for gethostbyaddr_r
configure:11312: gcc -o conftest -g -O2   conftest.c  >&5
configure:11312: $? = 0
configure:11312: result: yes
configure:11318: checking for gethostbyname_r
configure:11318: gcc -o conftest -g -O2   conftest.c  >&5
configure:11318: $? = 0
configure:11318: result: yes
configure:11324: checking for poll
configure:11324: gcc -o conftest -g -O2   conftest.c  >&5
configure:11324: $? = 0
configure:11324: result: yes
configure:11330: checking for fcntl
configure:11330: gcc -o conftest -g -O2   conftest.c  >&5
configure:11330: $? = 0
configure:11330: result: yes
configure:11336: checking for inet_pton
configure:11336: gcc -o conftest -g -O2   conftest.c  >&5
configure:11336: $? = 0
configure:11336: result: yes
configure:11342: checking for inet_ntop
configure:11342: gcc -o conftest -g -O2   conftest.c  >&5
configure:11342: $? = 0
configure:11342: result: yes
configure:11349: checking for struct msghdr.msg_flags
configure:11349: gcc -c -g -O2  conftest.c >&5
configure:11349: $? = 0
configure:11349: result: yes
configure:11357: checking for socklen_t
configure:11357: gcc -c -g -O2  conftest.c >&5
configure:11357: $? = 0
configure:11357: gcc -c -g -O2  conftest.c >&5
conftest.c: In function 'main':
conftest.c:37:24: error: expected expression before ')' token
configure:11357: $? = 1
configure: failed program was:
| /* confdefs.h */
| #define PACKAGE_NAME "libenet"
| #define PACKAGE_TARNAME "libenet"
| #define PACKAGE_VERSION "1.3.3"
| #define PACKAGE_STRING "libenet 1.3.3"
| #define PACKAGE_BUGREPORT ""
| #define PACKAGE_URL ""
| #define PACKAGE "libenet"
| #define VERSION "1.3.3"
| #define STDC_HEADERS 1
| #define HAVE_SYS_TYPES_H 1
| #define HAVE_SYS_STAT_H 1
| #define HAVE_STDLIB_H 1
| #define HAVE_STRING_H 1
| #define HAVE_MEMORY_H 1
| #define HAVE_STRINGS_H 1
| #define HAVE_INTTYPES_H 1
| #define HAVE_STDINT_H 1
| #define HAVE_UNISTD_H 1
| #define HAVE_DLFCN_H 1
| #define LT_OBJDIR ".libs/"
| #define HAS_GETHOSTBYADDR_R 1
| #define HAS_GETHOSTBYNAME_R 1
| #define HAS_POLL 1
| #define HAS_FCNTL 1
| #define HAS_INET_PTON 1
| #define HAS_INET_NTOP 1
| #define HAS_MSGHDR_FLAGS 1
| /* end confdefs.h.  */
| #include <sys/types.h>
|               #include <sys/socket.h>
| 
| 
| int
| main ()
| {
| if (sizeof ((socklen_t)))
| 	    return 0;
|   ;
|   return 0;
| }
configure:11357: result: yes
conftest.c:31:20: fatal error: socket.h: No such file or directory
compilation terminated.
configure:11564: creating ./config.status

## ---------------------- ##
## Running config.status. ##
## ---------------------- ##

This file was extended by libenet config.status 1.3.3, which was
generated by GNU Autoconf 2.68.  Invocation command line was

  CONFIG_FILES    = 
  CONFIG_HEADERS  = 
  CONFIG_LINKS    = 
  CONFIG_COMMANDS = 
  $ ./config.status 

on kkostya-comp

config.status:1014: creating Makefile
config.status:1014: creating libenet.pc
config.status:1186: executing depfiles commands
config.status:1186: executing libtool commands

## ---------------- ##
## Cache variables. ##
## ---------------- ##

ac_cv_build=x86_64-unknown-linux-gnu
ac_cv_c_compiler_gnu=yes
ac_cv_env_CC_set=
ac_cv_env_CC_value=
ac_cv_env_CFLAGS_set=
ac_cv_env_CFLAGS_value=
ac_cv_env_CPPFLAGS_set=
ac_cv_env_CPPFLAGS_value=
ac_cv_env_CPP_set=
ac_cv_env_CPP_value=
ac_cv_env_LDFLAGS_set=
ac_cv_env_LDFLAGS_value=
ac_cv_env_LIBS_set=
ac_cv_env_LIBS_value=
ac_cv_env_build_alias_set=
ac_cv_env_build_alias_value=
ac_cv_env_host_alias_set=
ac_cv_env_host_alias_value=
ac_cv_env_target_alias_set=
ac_cv_env_target_alias_value=
ac_cv_func_fcntl=yes
ac_cv_func_gethostbyaddr_r=yes
ac_cv_func_gethostbyname_r=yes
ac_cv_func_inet_ntop=yes
ac_cv_func_inet_pton=yes
ac_cv_func_poll=yes
ac_cv_header_dlfcn_h=yes
ac_cv_header_inttypes_h=yes
ac_cv_header_memory_h=yes
ac_cv_header_stdc=yes
ac_cv_header_stdint_h=yes
ac_cv_header_stdlib_h=yes
ac_cv_header_string_h=yes
ac_cv_header_strings_h=yes
ac_cv_header_sys_stat_h=yes
ac_cv_header_sys_types_h=yes
ac_cv_header_unistd_h=yes
ac_cv_host=x86_64-unknown-linux-gnu
ac_cv_member_struct_msghdr_msg_flags=yes
ac_cv_objext=o
ac_cv_path_EGREP='/bin/grep -E'
ac_cv_path_FGREP='/bin/grep -F'
ac_cv_path_GREP=/bin/grep
ac_cv_path_SED=/bin/sed
ac_cv_path_install='/usr/bin/install -c'
ac_cv_path_mkdir=/bin/mkdir
ac_cv_prog_AWK=gawk
ac_cv_prog_CPP='gcc -E'
ac_cv_prog_ac_ct_AR=ar
ac_cv_prog_ac_ct_CC=gcc
ac_cv_prog_ac_ct_MANIFEST_TOOL=mt
ac_cv_prog_ac_ct_OBJDUMP=objdump
ac_cv_prog_ac_ct_RANLIB=ranlib
ac_cv_prog_ac_ct_STRIP=strip
ac_cv_prog_cc_c89=
ac_cv_prog_cc_g=yes
ac_cv_prog_make_make_set=yes
ac_cv_type_socklen_t=yes
am_cv_CC_dependencies_compiler_type=gcc3
lt_cv_ar_at_file=@
lt_cv_deplibs_check_method=pass_all
lt_cv_file_magic_cmd='$MAGIC_CMD'
lt_cv_file_magic_test_file=
lt_cv_ld_reload_flag=-r
lt_cv_nm_interface='BSD nm'
lt_cv_objdir=.libs
lt_cv_path_LD=/usr/bin/ld
lt_cv_path_NM='/usr/bin/nm -B'
lt_cv_path_mainfest_tool=no
lt_cv_prog_compiler_c_o=yes
lt_cv_prog_compiler_pic='-fPIC -DPIC'
lt_cv_prog_compiler_pic_works=yes
lt_cv_prog_compiler_rtti_exceptions=no
lt_cv_prog_compiler_static_works=yes
lt_cv_prog_gnu_ld=yes
lt_cv_sharedlib_from_linklib_cmd='printf %s\n'
lt_cv_shlibpath_overrides_runpath=no
lt_cv_sys_global_symbol_pipe='sed -n -e '\''s/^.*[	 ]\([ABCDGIRSTW][ABCDGIRSTW]*\)[	 ][	 ]*\([_A-Za-z][_A-Za-z0-9]*\)$/\1 \2 \2/p'\'' | sed '\''/ __gnu_lto/d'\'''
lt_cv_sys_global_symbol_to_c_name_address='sed -n -e '\''s/^: \([^ ]*\)[ ]*$/  {\"\1\", (void *) 0},/p'\'' -e '\''s/^[ABCDGIRSTW]* \([^ ]*\) \([^ ]*\)$/  {"\2", (void *) \&\2},/p'\'''
lt_cv_sys_global_symbol_to_c_name_address_lib_prefix='sed -n -e '\''s/^: \([^ ]*\)[ ]*$/  {\"\1\", (void *) 0},/p'\'' -e '\''s/^[ABCDGIRSTW]* \([^ ]*\) \(lib[^ ]*\)$/  {"\2", (void *) \&\2},/p'\'' -e '\''s/^[ABCDGIRSTW]* \([^ ]*\) \([^ ]*\)$/  {"lib\2", (void *) \&\2},/p'\'''
lt_cv_sys_global_symbol_to_cdecl='sed -n -e '\''s/^T .* \(.*\)$/extern int \1();/p'\'' -e '\''s/^[ABCDGIRSTW]* .* \(.*\)$/extern char \1;/p'\'''
lt_cv_sys_max_cmd_len=3458764513820540925
lt_cv_to_host_file_cmd=func_convert_file_noop
lt_cv_to_tool_file_cmd=func_convert_file_noop

## ----------------- ##
## Output variables. ##
## ----------------- ##

ACLOCAL='${SHELL} /home/kkostya/Programming/src/1.1.0.4/assaultcube++/AssaultCube_v1.2.0.0_beta.source/source/enet/missing --run aclocal-1.11'
AMDEPBACKSLASH='\'
AMDEP_FALSE='#'
AMDEP_TRUE=''
AMTAR='${SHELL} /home/kkostya/Programming/src/1.1.0.4/assaultcube++/AssaultCube_v1.2.0.0_beta.source/source/enet/missing --run tar'
AR='ar'
AUTOCONF='${SHELL} /home/kkostya/Programming/src/1.1.0.4/assaultcube++/AssaultCube_v1.2.0.0_beta.source/source/enet/missing --run autoconf'
AUTOHEADER='${SHELL} /home/kkostya/Programming/src/1.1.0.4/assaultcube++/AssaultCube_v1.2.0.0_beta.source/source/enet/missing --run autoheader'
AUTOMAKE='${SHELL} /home/kkostya/Programming/src/1.1.0.4/assaultcube++/AssaultCube_v1.2.0.0_beta.source/source/enet/missing --run automake-1.11'
AWK='gawk'
CC='gcc'
CCDEPMODE='depmode=gcc3'
CFLAGS='-g -O2'
CPP='gcc -E'
CPPFLAGS=''
CYGPATH_W='echo'
DEFS='-DPACKAGE_NAME=\"libenet\" -DPACKAGE_TARNAME=\"libenet\" -DPACKAGE_VERSION=\"1.3.3\" -DPACKAGE_STRING=\"libenet\ 1.3.3\" -DPACKAGE_BUGREPORT=\"\" -DPACKAGE_URL=\"\" -DPACKAGE=\"libenet\" -DVERSION=\"1.3.3\" -DSTDC_HEADERS=1 -DHAVE_SYS_TYPES_H=1 -DHAVE_SYS_STAT_H=1 -DHAVE_STDLIB_H=1 -DHAVE_STRING_H=1 -DHAVE_MEMORY_H=1 -DHAVE_STRINGS_H=1 -DHAVE_INTTYPES_H=1 -DHAVE_STDINT_H=1 -DHAVE_UNISTD_H=1 -DHAVE_DLFCN_H=1 -DLT_OBJDIR=\".libs/\" -DHAS_GETHOSTBYADDR_R=1 -DHAS_GETHOSTBYNAME_R=1 -DHAS_POLL=1 -DHAS_FCNTL=1 -DHAS_INET_PTON=1 -DHAS_INET_NTOP=1 -DHAS_MSGHDR_FLAGS=1 -DHAS_SOCKLEN_T=1'
DEPDIR='.deps'
DLLTOOL='false'
DSYMUTIL=''
DUMPBIN=''
ECHO_C=''
ECHO_N='-n'
ECHO_T=''
EGREP='/bin/grep -E'
EXEEXT=''
FGREP='/bin/grep -F'
GREP='/bin/grep'
INSTALL_DATA='${INSTALL} -m 644'
INSTALL_PROGRAM='${INSTALL}'
INSTALL_SCRIPT='${INSTALL}'
INSTALL_STRIP_PROGRAM='$(install_sh) -c -s'
LD='/usr/bin/ld -m elf_x86_64'
LDFLAGS=''
LIBOBJS=''
LIBS=''
LIBTOOL='$(SHELL) $(top_builddir)/libtool'
LIPO=''
LN_S='ln -s'
LTLIBOBJS=''
MAINT=''
MAINTAINER_MODE_FALSE='#'
MAINTAINER_MODE_TRUE=''
MAKEINFO='${SHELL} /home/kkostya/Programming/src/1.1.0.4/assaultcube++/AssaultCube_v1.2.0.0_beta.source/source/enet/missing --run makeinfo'
MANIFEST_TOOL=':'
MKDIR_P='/bin/mkdir -p'
NM='/usr/bin/nm -B'
NMEDIT=''
OBJDUMP='objdump'
OBJEXT='o'
OTOOL64=''
OTOOL=''
PACKAGE='libenet'
PACKAGE_BUGREPORT=''
PACKAGE_NAME='libenet'
PACKAGE_STRING='libenet 1.3.3'
PACKAGE_TARNAME='libenet'
PACKAGE_URL=''
PACKAGE_VERSION='1.3.3'
PATH_SEPARATOR=':'
RANLIB='ranlib'
SED='/bin/sed'
SET_MAKE=''
SHELL='/bin/bash'
STRIP='strip'
VERSION='1.3.3'
ac_ct_AR='ar'
ac_ct_CC='gcc'
ac_ct_DUMPBIN=''
am__EXEEXT_FALSE=''
am__EXEEXT_TRUE='#'
am__fastdepCC_FALSE='#'
am__fastdepCC_TRUE=''
am__include='include'
am__isrc=''
am__leading_dot='.'
am__quote=''
am__tar='${AMTAR} chof - "$$tardir"'
am__untar='${AMTAR} xf -'
bindir='${exec_prefix}/bin'
build='x86_64-unknown-linux-gnu'
build_alias=''
build_cpu='x86_64'
build_os='linux-gnu'
build_vendor='unknown'
datadir='${datarootdir}'
datarootdir='${prefix}/share'
docdir='${datarootdir}/doc/${PACKAGE_TARNAME}'
dvidir='${docdir}'
exec_prefix='${prefix}'
host='x86_64-unknown-linux-gnu'
host_alias=''
host_cpu='x86_64'
host_os='linux-gnu'
host_vendor='unknown'
htmldir='${docdir}'
includedir='${prefix}/include'
infodir='${datarootdir}/info'
install_sh='${SHELL} /home/kkostya/Programming/src/1.1.0.4/assaultcube++/AssaultCube_v1.2.0.0_beta.source/source/enet/install-sh'
libdir='${exec_prefix}/lib'
libexecdir='${exec_prefix}/libexec'
localedir='${datarootdir}/locale'
localstatedir='${prefix}/var'
mandir='${datarootdir}/man'
mkdir_p='/bin/mkdir -p'
oldincludedir='/usr/include'
pdfdir='${docdir}'
prefix='/usr/local'
program_transform_name='s,x,x,'
psdir='${docdir}'
sbindir='${exec_prefix}/sbin'
sharedstatedir='${prefix}/com'
sysconfdir='${prefix}/etc'
target_alias=''

## ----------- ##
## confdefs.h. ##
## ----------- ##

/* confdefs.h */
#define PACKAGE_NAME "libenet"
#define PACKAGE_TARNAME "libenet"
#define PACKAGE_VERSION "1.3.3"
#define PACKAGE_STRING "libenet 1.3.3"
#define PACKAGE_BUGREPORT ""
#define PACKAGE_URL ""
#define PACKAGE "libenet"
#define VERSION "1.3.3"
#define STDC_HEADERS 1
#define HAVE_SYS_TYPES_H 1
#define HAVE_SYS_STAT_H 1
#define HAVE_STDLIB_H 1
#define HAVE_STRING_H 1
#define HAVE_MEMORY_H 1
#define HAVE_STRINGS_H 1
#define HAVE_INTTYPES_H 1
#define HAVE_STDINT_H 1
#define HAVE_UNISTD_H 1
#define HAVE_DLFCN_H 1
#define LT_OBJDIR ".libs/"
#define HAS_GETHOSTBYADDR_R 1
#define HAS_GETHOSTBYNAME_R 1
#define HAS_POLL 1
#define HAS_FCNTL 1
#define HAS_INET_PTON 1
#define HAS_INET_NTOP 1
#define HAS_MSGHDR_FLAGS 1
#define HAS_SOCKLEN_T 1

configure: exit 0
